<?xml version="1.0" encoding="UTF-8"?>
<!-- Generated by org.testng.reporters.JUnitReportReporter -->
<testsuite hostname="DESKTOP-3P6EQHG" failures="0" tests="1" name="dsalgo.datastructure" time="6.166" errors="0" timestamp="2022-09-01T15:41:31 EDT" skipped="0">
  <testcase classname="dsalgo.datastructure" name="datastructureintropage" time="6.166"/>
  <system-out/>
</testsuite> <!-- dsalgo.datastructure -->
