<?xml version="1.0" encoding="UTF-8"?>
<!-- Generated by org.testng.reporters.JUnitReportReporter -->
<testsuite hostname="DESKTOP-3P6EQHG" failures="0" tests="3" name="dsalgo.screenshot_utility" time="6.496" errors="0" timestamp="2022-08-29T16:22:30 EDT" skipped="0">
  <testcase classname="dsalgo.screenshot_utility" name="Testfail" time="2.501"/>
  <system-out/>
  <testcase classname="dsalgo.screenshot_utility" name="verifyTitleTest" time="1.675"/>
  <system-out/>
  <testcase classname="dsalgo.screenshot_utility" name="verifydropdown" time="2.320"/>
  <system-out/>
</testsuite> <!-- dsalgo.screenshot_utility -->
