<?xml version="1.0" encoding="UTF-8"?>
<!-- Generated by org.testng.reporters.JUnitReportReporter -->
<testsuite hostname="DESKTOP-3P6EQHG" failures="0" tests="1" name="dsalgo.dummy" time="0.003" errors="0" timestamp="2022-08-29T16:22:30 EDT" skipped="0">
  <testcase classname="dsalgo.dummy" name="testCase1" time="0.003"/>
  <system-out/>
</testsuite> <!-- dsalgo.dummy -->
