<?xml version="1.0" encoding="UTF-8"?>
<!-- Generated by org.testng.reporters.JUnitReportReporter -->
<testsuite hostname="DESKTOP-3P6EQHG" failures="0" tests="6" name="dsalgo.registrationpage" time="11.407" errors="0" timestamp="2022-08-30T00:45:59 EDT" skipped="0">
  <testcase classname="dsalgo.registrationpage" name="registersubmitbtn" time="1.701"/>
  <system-out/>
  <testcase classname="dsalgo.registrationpage" name="registerusername" time="1.896"/>
  <system-out/>
  <testcase classname="dsalgo.registrationpage" name="registerpassword" time="1.892"/>
  <system-out/>
  <testcase classname="dsalgo.registrationpage" name="register_validname" time="1.949"/>
  <system-out/>
  <testcase classname="dsalgo.registrationpage" name="pwd_mismatch" time="1.938"/>
  <system-out/>
  <testcase classname="dsalgo.registrationpage" name="account_creation" time="2.031"/>
  <system-out/>
</testsuite> <!-- dsalgo.registrationpage -->
