<?xml version="1.0" encoding="UTF-8"?>
<!-- Generated by org.testng.reporters.JUnitReportReporter -->
<testsuite hostname="DESKTOP-3P6EQHG" failures="0" tests="3" name="dsalgo.loginpage" time="10.284" errors="0" timestamp="2022-08-30T00:45:59 EDT" skipped="0">
  <testcase classname="dsalgo.loginpage" name="logintest" time="3.202"/>
  <system-out/>
  <testcase classname="dsalgo.loginpage" name="logintest" time="2.954"/>
  <system-out/>
  <testcase classname="dsalgo.loginpage" name="logintest" time="4.128"/>
  <system-out/>
</testsuite> <!-- dsalgo.loginpage -->
