<?xml version="1.0" encoding="UTF-8"?>
<!-- Generated by org.testng.reporters.JUnitReportReporter -->
<testsuite hostname="DESKTOP-3P6EQHG" failures="0" tests="2" name="Testcase.homepagetest" time="5.062" errors="0" timestamp="2022-09-02T22:20:27 EDT" skipped="0">
  <testcase classname="Testcase.homepagetest" name="verifyTitleTest" time="2.557"/>
  <system-out/>
  <testcase classname="Testcase.homepagetest" name="verifydropdown" time="2.505"/>
  <system-out/>
</testsuite> <!-- Testcase.homepagetest -->
