<?xml version="1.0" encoding="UTF-8"?>
<!-- Generated by org.testng.reporters.JUnitReportReporter -->
<testsuite hostname="DESKTOP-3P6EQHG" failures="0" tests="1" name="Testcase.registertest" time="4.121" errors="0" timestamp="2022-09-02T22:11:24 EDT" skipped="0">
  <testcase classname="Testcase.registertest" name="account_creation" time="4.121"/>
  <system-out/>
</testsuite> <!-- Testcase.registertest -->
