<?xml version="1.0" encoding="UTF-8"?>
<!-- Generated by org.testng.reporters.JUnitReportReporter -->
<testsuite hostname="DESKTOP-3P6EQHG" failures="0" tests="4" name="dsalgo.Arraypage" time="17.682" errors="0" timestamp="2022-08-30T00:45:59 EDT" skipped="0">
  <testcase classname="dsalgo.Arraypage" name="basic_operation" time="4.565"/>
  <system-out/>
  <testcase classname="dsalgo.Arraypage" name="Arraybtn" time="4.487"/>
  <system-out/>
  <testcase classname="dsalgo.Arraypage" name="app_ofarray" time="4.320"/>
  <system-out/>
  <testcase classname="dsalgo.Arraypage" name="Array_list" time="4.310"/>
  <system-out/>
</testsuite> <!-- dsalgo.Arraypage -->
