<?xml version="1.0" encoding="UTF-8"?>
<!-- Generated by org.testng.reporters.JUnitReportReporter -->
<testsuite hostname="DESKTOP-3P6EQHG" failures="0" tests="1" name="dsalgo.loginpage1" time="0.000" errors="0" timestamp="2022-08-18T09:03:43 EDT" skipped="1">
  <testcase classname="dsalgo.loginpage1" name="login" time="0.000">
    <skipped/>
  </testcase> <!-- login -->
  <system-out/>
</testsuite> <!-- dsalgo.loginpage1 -->
