<?xml version="1.0" encoding="UTF-8"?>
<!-- Generated by org.testng.reporters.JUnitReportReporter -->
<testsuite hostname="DESKTOP-3P6EQHG" failures="0" tests="1" name="Testcase.arraytest" time="10.882" errors="0" timestamp="2022-09-02T22:00:11 EDT" skipped="0">
  <testcase classname="Testcase.arraytest" name="Arraybtn" time="10.882"/>
  <system-out/>
</testsuite> <!-- Testcase.arraytest -->
